=:               cannot open (No such file or directory)
matrix_multiply: ELF 64-bit LSB executable, x86-64, version 1 (SYSV), dynamically linked (uses shared libs), for GNU/Linux 2.6.32, not stripped
Running  with matrix size ...
/var/lib/slurmd/job29487059/slurm_script: line 18: ./: Is a directory

real	0m0.001s
user	0m0.000s
sys	0m0.000s
----------------------------------------
=:               cannot open (No such file or directory)
matrix_multiply: ELF 64-bit LSB executable, x86-64, version 1 (SYSV), dynamically linked (uses shared libs), for GNU/Linux 2.6.32, not stripped
Running  with matrix size ...
/var/lib/slurmd/job29487059/slurm_script: line 18: ./: Is a directory

real	0m0.007s
user	0m0.000s
sys	0m0.000s
----------------------------------------
=:               cannot open (No such file or directory)
matrix_multiply: ELF 64-bit LSB executable, x86-64, version 1 (SYSV), dynamically linked (uses shared libs), for GNU/Linux 2.6.32, not stripped
Running  with matrix size ...
/var/lib/slurmd/job29487059/slurm_script: line 18: ./: Is a directory

real	0m0.001s
user	0m0.000s
sys	0m0.000s
----------------------------------------
=:               cannot open (No such file or directory)
matrix_multiply: ELF 64-bit LSB executable, x86-64, version 1 (SYSV), dynamically linked (uses shared libs), for GNU/Linux 2.6.32, not stripped
Running  with matrix size ...
/var/lib/slurmd/job29487059/slurm_script: line 18: ./: Is a directory

real	0m0.001s
user	0m0.000s
sys	0m0.001s
----------------------------------------
=:               cannot open (No such file or directory)
matrix_multiply: ELF 64-bit LSB executable, x86-64, version 1 (SYSV), dynamically linked (uses shared libs), for GNU/Linux 2.6.32, not stripped
Running  with matrix size ...
/var/lib/slurmd/job29487059/slurm_script: line 18: ./: Is a directory

real	0m0.001s
user	0m0.000s
sys	0m0.000s
----------------------------------------
=:               cannot open (No such file or directory)
matrix_multiply: ELF 64-bit LSB executable, x86-64, version 1 (SYSV), dynamically linked (uses shared libs), for GNU/Linux 2.6.32, not stripped
Running  with matrix size ...
/var/lib/slurmd/job29487059/slurm_script: line 18: ./: Is a directory

real	0m0.001s
user	0m0.000s
sys	0m0.000s
----------------------------------------
=:               cannot open (No such file or directory)
matrix_multiply: ELF 64-bit LSB executable, x86-64, version 1 (SYSV), dynamically linked (uses shared libs), for GNU/Linux 2.6.32, not stripped
Running  with matrix size ...
/var/lib/slurmd/job29487059/slurm_script: line 18: ./: Is a directory

real	0m0.001s
user	0m0.000s
sys	0m0.001s
----------------------------------------
=:               cannot open (No such file or directory)
matrix_multiply: ELF 64-bit LSB executable, x86-64, version 1 (SYSV), dynamically linked (uses shared libs), for GNU/Linux 2.6.32, not stripped
Running  with matrix size ...
/var/lib/slurmd/job29487059/slurm_script: line 18: ./: Is a directory

real	0m0.005s
user	0m0.000s
sys	0m0.000s
----------------------------------------
=:               cannot open (No such file or directory)
matrix_multiply: ELF 64-bit LSB executable, x86-64, version 1 (SYSV), dynamically linked (uses shared libs), for GNU/Linux 2.6.32, not stripped
Running  with matrix size ...
/var/lib/slurmd/job29487059/slurm_script: line 18: ./: Is a directory

real	0m0.001s
user	0m0.000s
sys	0m0.000s
----------------------------------------
=:               cannot open (No such file or directory)
matrix_multiply: ELF 64-bit LSB executable, x86-64, version 1 (SYSV), dynamically linked (uses shared libs), for GNU/Linux 2.6.32, not stripped
Running  with matrix size ...
/var/lib/slurmd/job29487059/slurm_script: line 18: ./: Is a directory

real	0m0.001s
user	0m0.000s
sys	0m0.000s
----------------------------------------
