Running 10000.out...
N = 10000 
Time measured: 6657.69666 seconds.
Perfomance: 300.40419 MFLOPS 

real	110m59.925s
user	110m57.626s
sys	0m1.469s
----------------------------------------
Running 1000.out...
N = 1000 
Time measured: 5.75940 seconds.
Perfomance: 347.25827 MFLOPS 

real	0m5.817s
user	0m5.763s
sys	0m0.011s
----------------------------------------
Running 100.out...
N = 100 
Time measured: 0.00532 seconds.
Perfomance: 375.72797 MFLOPS 

real	0m0.036s
user	0m0.007s
sys	0m0.004s
----------------------------------------
Running 10.out...
N = 10 
Time measured: 0.00000 seconds.
Perfomance: 400.00000 MFLOPS 

real	0m0.022s
user	0m0.001s
sys	0m0.004s
----------------------------------------
Running 150.out...
N = 150 
Time measured: 0.01206 seconds.
Perfomance: 559.70149 MFLOPS 

real	0m0.032s
user	0m0.018s
sys	0m0.000s
----------------------------------------
Running 1.out...
Matrix Size (N): 1
Time measured: 0 seconds.
Performance: inf Mflop/s

real	0m0.030s
user	0m0.001s
sys	0m0.004s
----------------------------------------
Running 2000.out...
N = 2000 
Time measured: 37.99172 seconds.
Perfomance: 421.14437 MFLOPS 

real	0m38.116s
user	0m38.026s
sys	0m0.022s
----------------------------------------
Running 200.out...
N = 200 
Time measured: 0.04282 seconds.
Perfomance: 373.63972 MFLOPS 

real	0m0.057s
user	0m0.047s
sys	0m0.002s
----------------------------------------
Running 20.out...
N = 20 
Time measured: 0.00003 seconds.
Perfomance: 457.14286 MFLOPS 

real	0m0.035s
user	0m0.002s
sys	0m0.003s
----------------------------------------
Running 3000.out...
N = 3000 
Time measured: 153.82429 seconds.
Perfomance: 351.04990 MFLOPS 

real	2m34.050s
user	2m33.931s
sys	0m0.037s
----------------------------------------
Running 300.out...
N = 300 
Time measured: 0.10666 seconds.
Perfomance: 506.30538 MFLOPS 

real	0m0.143s
user	0m0.112s
sys	0m0.004s
----------------------------------------
Running 30.out...
N = 30 
Time measured: 0.00012 seconds.
Perfomance: 457.62712 MFLOPS 

real	0m0.022s
user	0m0.001s
sys	0m0.004s
----------------------------------------
Running 400.out...
N = 400 
Time measured: 0.37530 seconds.
Perfomance: 341.06230 MFLOPS 

real	0m0.408s
user	0m0.380s
sys	0m0.004s
----------------------------------------
Running 4096.out...
Matrix Size (N): 4096
Time measured: 2522.18 seconds.
Performance: 54.4921 Mflop/s

real	42m2.324s
user	42m0.191s
sys	0m1.532s
----------------------------------------
Running 40.out...
N = 40 
Time measured: 0.00050 seconds.
Perfomance: 255.48902 MFLOPS 

real	0m0.048s
user	0m0.002s
sys	0m0.007s
----------------------------------------
Running 5000.out...
N = 5000 
Time measured: 919.81350 seconds.
Perfomance: 271.79423 MFLOPS 

real	15m20.390s
user	15m20.090s
sys	0m0.213s
----------------------------------------
Running 500.out...
N = 500 
Time measured: 0.54483 seconds.
Perfomance: 458.85620 MFLOPS 

real	0m0.586s
user	0m0.551s
sys	0m0.006s
----------------------------------------
Running 50.out...
N = 50 
Time measured: 0.00066 seconds.
Perfomance: 380.51750 MFLOPS 

real	0m0.022s
user	0m0.003s
sys	0m0.003s
----------------------------------------
Running 6000.out...
N = 6000 
Time measured: 1432.77172 seconds.
Perfomance: 301.51349 MFLOPS 

real	23m53.628s
user	23m52.970s
sys	0m0.465s
----------------------------------------
Running 60.out...
N = 60 
Time measured: 0.00098 seconds.
Perfomance: 439.47101 MFLOPS 

real	0m0.041s
user	0m0.004s
sys	0m0.004s
----------------------------------------
Running 7000.out...
N = 7000 
Time measured: 2558.25331 seconds.
Perfomance: 268.15171 MFLOPS 

real	42m39.328s
user	42m38.377s
sys	0m0.711s
----------------------------------------
Running 70.out...
N = 70 
Time measured: 0.00124 seconds.
Perfomance: 553.22581 MFLOPS 

real	0m0.038s
user	0m0.002s
sys	0m0.006s
----------------------------------------
Running 8000.out...
N = 8000 
Time measured: 3467.76357 seconds.
Perfomance: 295.29118 MFLOPS 

real	57m49.195s
user	57m48.562s
sys	0m0.333s
----------------------------------------
Running 80.out...
N = 80 
Time measured: 0.00232 seconds.
Perfomance: 442.14162 MFLOPS 

real	0m0.027s
user	0m0.004s
sys	0m0.006s
----------------------------------------
Running 9000.out...
slurmstepd: error: *** JOB 29411548 ON lac-393 CANCELLED AT 2024-01-17T17:53:39 DUE TO TIME LIMIT ***
