Running 1000.out...
N = 1000 
Time measured: 3.89364 seconds.
Perfomance: 513.65857 MFLOPS 
----------------------------------------
Running 100.out...
Matrix Size (N): 100
Time measured: 0.0163629 seconds.
Performance: 122.228 Mflop/s
----------------------------------------
Running 10.out...
Matrix Size (N): 10
Time measured: 2.00272e-05 seconds.
Performance: 99.8644 Mflop/s
----------------------------------------
Running 1.out...
Matrix Size (N): 1
Time measured: 0 seconds.
Performance: inf Mflop/s
----------------------------------------
Running 20.out...
Matrix Size (N): 20
Time measured: 0.000147104 seconds.
Performance: 108.766 Mflop/s
----------------------------------------
Running 30.out...
Matrix Size (N): 30
Time measured: 0.000452042 seconds.
Performance: 119.458 Mflop/s
----------------------------------------
Running 4096.out...
Matrix Size (N): 4096
Time measured: 2382.35 seconds.
Performance: 57.6904 Mflop/s
----------------------------------------
Running 40.out...
N = 40 
Time measured: 0.00029 seconds.
Perfomance: 439.86254 MFLOPS 
----------------------------------------
Running a.out...
slurmstepd: error: *** JOB 29322971 ON lac-116 CANCELLED AT 2024-01-16T15:40:46 DUE TO TIME LIMIT ***
